<?xml version="1.0" encoding="UTF-8"?>
<testsuite xmlns:xsi="http://www.w3.org/2001/XMLSchema-instance" xsi:noNamespaceSchemaLocation="https://maven.apache.org/surefire/maven-surefire-plugin/xsd/surefire-test-report-3.0.xsd" version="3.0" name="com.nhnacademy.shoppingmall.repository.UserRepositoryTest" time="0.609" tests="2" errors="0" skipped="0" failures="0">
  <properties>
[...]
</properties>
  <testcase name="존재하는 로그인 아이디 테스트" classname="com.nhnacademy.shoppingmall.repository.UserRepositoryTest" time="0.134">
    <system-out><![CDATA[2024-03-07 20:23:34.407  INFO 66309 --- [           main] b.t.a.o.j.DataJpaTestContextBootstrapper : Neither @ContextConfiguration nor @ContextHierarchy found for test class [com.nhnacademy.shoppingmall.repository.UserRepositoryTest], using SpringBootContextLoader
2024-03-07 20:23:34.407  INFO 66309 --- [           main] o.s.t.c.support.AbstractContextLoader    : Could not detect default resource locations for test class [com.nhnacademy.shoppingmall.repository.UserRepositoryTest]: no resource found for suffixes {-context.xml, Context.groovy}.
2024-03-07 20:23:34.407  INFO 66309 --- [           main] t.c.s.AnnotationConfigContextLoaderUtils : Could not detect default configuration classes for test class [com.nhnacademy.shoppingmall.repository.UserRepositoryTest]: UserRepositoryTest does not declare any static, non-private, non-final, nested classes annotated with @Configuration.
2024-03-07 20:23:34.415  INFO 66309 --- [           main] .b.t.c.SpringBootTestContextBootstrapper : Found @SpringBootConfiguration com.nhnacademy.shoppingmall.ShoppingmallApplication for test class com.nhnacademy.shoppingmall.repository.UserRepositoryTest
2024-03-07 20:23:34.416  INFO 66309 --- [           main] b.t.a.o.j.DataJpaTestContextBootstrapper : Loaded default TestExecutionListener class names from location [META-INF/spring.factories]: [org.springframework.boot.test.mock.mockito.MockitoTestExecutionListener, org.springframework.boot.test.mock.mockito.ResetMocksTestExecutionListener, org.springframework.boot.test.autoconfigure.restdocs.RestDocsTestExecutionListener, org.springframework.boot.test.autoconfigure.web.client.MockRestServiceServerResetTestExecutionListener, org.springframework.boot.test.autoconfigure.web.servlet.MockMvcPrintOnlyOnFailureTestExecutionListener, org.springframework.boot.test.autoconfigure.web.servlet.WebDriverTestExecutionListener, org.springframework.boot.test.autoconfigure.webservices.client.MockWebServiceServerTestExecutionListener, org.springframework.test.context.web.ServletTestExecutionListener, org.springframework.test.context.support.DirtiesContextBeforeModesTestExecutionListener, org.springframework.test.context.event.ApplicationEventsTestExecutionListener, org.springframework.test.context.support.DependencyInjectionTestExecutionListener, org.springframework.test.context.support.DirtiesContextTestExecutionListener, org.springframework.test.context.transaction.TransactionalTestExecutionListener, org.springframework.test.context.jdbc.SqlScriptsTestExecutionListener, org.springframework.test.context.event.EventPublishingTestExecutionListener]
2024-03-07 20:23:34.416  INFO 66309 --- [           main] b.t.a.o.j.DataJpaTestContextBootstrapper : Using TestExecutionListeners: [org.springframework.test.context.web.ServletTestExecutionListener@757b4a19, org.springframework.test.context.support.DirtiesContextBeforeModesTestExecutionListener@e26269a, org.springframework.test.context.event.ApplicationEventsTestExecutionListener@407d9fcd, org.springframework.boot.test.mock.mockito.MockitoTestExecutionListener@7f4fb4a3, org.springframework.boot.test.autoconfigure.SpringBootDependencyInjectionTestExecutionListener@50cb12d1, org.springframework.test.context.support.DirtiesContextTestExecutionListener@6fe6eca4, org.springframework.test.context.transaction.TransactionalTestExecutionListener@43c98562, org.springframework.test.context.jdbc.SqlScriptsTestExecutionListener@4121cb14, org.springframework.test.context.event.EventPublishingTestExecutionListener@49f4047b, org.springframework.boot.test.mock.mockito.ResetMocksTestExecutionListener@11af522d, org.springframework.boot.test.autoconfigure.restdocs.RestDocsTestExecutionListener@1e4227ef, org.springframework.boot.test.autoconfigure.web.client.MockRestServiceServerResetTestExecutionListener@51743658, org.springframework.boot.test.autoconfigure.web.servlet.MockMvcPrintOnlyOnFailureTestExecutionListener@38ca37d1, org.springframework.boot.test.autoconfigure.web.servlet.WebDriverTestExecutionListener@539f34df, org.springframework.boot.test.autoconfigure.webservices.client.MockWebServiceServerTestExecutionListener@5ced1c1c]
2024-03-07 20:23:34.418  INFO 66309 --- [           main] o.s.b.d.r.RestartApplicationListener     : Restart disabled due to context in which it is running

  .   ____          _            __ _ _
 /\\ / ___'_ __ _ _(_)_ __  __ _ \ \ \ \
( ( )\___ | '_ | '_| | '_ \/ _` | \ \ \ \
 \\/  ___)| |_)| | | | | || (_| |  ) ) ) )
  '  |____| .__|_| |_|_| |_\__, | / / / /
 =========|_|==============|___/=/_/_/_/
 :: Spring Boot ::               (v2.7.18)

2024-03-07 20:23:34.433  INFO 66309 --- [           main] c.n.s.repository.UserRepositoryTest      : Starting UserRepositoryTest using Java 17.0.9 on nhnacademy-Inspiron-14-5420 with PID 66309 (started by nhnacademy in /home/nhnacademy/다운로드/쇼핑몰2/shoppingmall-api)
2024-03-07 20:23:34.433  INFO 66309 --- [           main] c.n.s.repository.UserRepositoryTest      : No active profile set, falling back to 1 default profile: "default"
2024-03-07 20:23:34.481  INFO 66309 --- [           main] .s.d.r.c.RepositoryConfigurationDelegate : Bootstrapping Spring Data JPA repositories in DEFAULT mode.
2024-03-07 20:23:34.500  INFO 66309 --- [           main] .s.d.r.c.RepositoryConfigurationDelegate : Finished Spring Data repository scanning in 19 ms. Found 11 JPA repository interfaces.
2024-03-07 20:23:34.554  INFO 66309 --- [           main] o.hibernate.jpa.internal.util.LogHelper  : HHH000204: Processing PersistenceUnitInfo [name: default]
2024-03-07 20:23:34.558  INFO 66309 --- [           main] com.zaxxer.hikari.HikariDataSource       : HikariPool-2 - Starting...
2024-03-07 20:23:34.559  INFO 66309 --- [           main] com.zaxxer.hikari.HikariDataSource       : HikariPool-2 - Start completed.
2024-03-07 20:23:34.560  INFO 66309 --- [           main] org.hibernate.dialect.Dialect            : HHH000400: Using dialect: org.hibernate.dialect.MySQL8Dialect
Hibernate: 
    
    alter table `Review` 
       drop 
       foreign key `FKnj9qy0abu7q36agpvmv8o5j02`
Hibernate: 
    
    alter table `Review` 
       drop 
       foreign key `FK233djdtkich61ll3iebvyoih4`
Hibernate: 
    
    alter table `address` 
       drop 
       foreign key `FKl6b9lua3hqsgtj34clpv418fv`
Hibernate: 
    
    alter table `cart` 
       drop 
       foreign key `FKiw3dboymjaff8qrst6olsoir4`
Hibernate: 
    
    alter table `cart` 
       drop 
       foreign key `FKbmo4tkl6m9od5wdc8gdd65vrb`
Hibernate: 
    
    alter table `order` 
       drop 
       foreign key `FK5ds52cnxjw9c99ovccne0axk0`
Hibernate: 
    
    alter table `order_detail` 
       drop 
       foreign key `FKkkl8lqaxofq5cr97y5q9n6b0i`
Hibernate: 
    
    alter table `order_detail` 
       drop 
       foreign key `FKj1gw0pqsdwms2nko96l26h0hv`
Hibernate: 
    
    alter table `point` 
       drop 
       foreign key `FKhvoxigyrlivek6rhkb3xuusm0`
Hibernate: 
    
    alter table `product_image` 
       drop 
       foreign key `FK404iut26wg4pq85osw3vn0kwd`
Hibernate: 
    
    drop table if exists `Review`
Hibernate: 
    
    drop table if exists `address`
Hibernate: 
    
    drop table if exists `cart`
Hibernate: 
    
    drop table if exists `category`
Hibernate: 
    
    drop table if exists `order`
Hibernate: 
    
    drop table if exists `order_detail`
Hibernate: 
    
    drop table if exists `point`
Hibernate: 
    
    drop table if exists `product`
Hibernate: 
    
    drop table if exists `product_category`
Hibernate: 
    
    drop table if exists `product_image`
Hibernate: 
    
    drop table if exists `user`
Hibernate: 
    
    create table `Review` (
       `id` bigint not null auto_increment,
        `comment` varchar(255),
        `created_at` datetime(6),
        `rating` integer,
        `updated_at` datetime(6),
        `product_id` bigint,
        `user_id` bigint,
        primary key (`id`)
    ) engine=InnoDB
Hibernate: 
    
    create table `address` (
       `id` bigint not null auto_increment,
        `address` varchar(255),
        `address_detail` varchar(255),
        `default_yn` varchar(255),
        `type` varchar(255),
        `zip_code` varchar(255),
        `user_id` bigint,
        primary key (`id`)
    ) engine=InnoDB
Hibernate: 
    
    create table `cart` (
       `id` bigint not null auto_increment,
        `quantity` integer,
        `product_id` bigint,
        `user_id` bigint,
        primary key (`id`)
    ) engine=InnoDB
Hibernate: 
    
    create table `category` (
       `id` bigint not null auto_increment,
        `name` varchar(255),
        primary key (`id`)
    ) engine=InnoDB
Hibernate: 
    
    create table `order` (
       `id` bigint not null auto_increment,
        `order_date` datetime(6),
        `price` integer,
        `ship_date` datetime(6),
        `user_id` bigint,
        primary key (`id`)
    ) engine=InnoDB
Hibernate: 
    
    create table `order_detail` (
       `id` bigint not null auto_increment,
        `quantity` integer,
        `order_id` bigint,
        `product_id` bigint,
        primary key (`id`)
    ) engine=InnoDB
Hibernate: 
    
    create table `point` (
       `id` bigint not null auto_increment,
        `amount` integer,
        `record_date` datetime(6),
        `transaction_type` varchar(255),
        `user_id` bigint,
        primary key (`id`)
    ) engine=InnoDB
Hibernate: 
    
    create table `product` (
       `id` bigint not null auto_increment,
        `created_at` datetime(6),
        `deleted_yn` varchar(255) default 'N',
        `description` varchar(255),
        `model_name` varchar(255),
        `model_number` varchar(255),
        `quantity` integer,
        `thumbnail` varchar(255),
        `unit_cost` integer,
        primary key (`id`)
    ) engine=InnoDB
Hibernate: 
    
    create table `product_category` (
       `id` bigint not null auto_increment,
        `category_id` bigint,
        `product_id` bigint,
        primary key (`id`)
    ) engine=InnoDB
Hibernate: 
    
    create table `product_image` (
       `id` bigint not null auto_increment,
        `product_id` bigint,
        primary key (`id`)
    ) engine=InnoDB
Hibernate: 
    
    create table `user` (
       `id` bigint not null auto_increment,
        `auth` varchar(255),
        `birth_date` date,
        `created_at` datetime(6),
        `last_login_at` datetime(6),
        `login_id` varchar(255),
        `name` varchar(255),
        `password` varchar(255),
        `point` bigint,
        `terminated_yn` varchar(255) default 'N',
        primary key (`id`)
    ) engine=InnoDB
Hibernate: 
    
    alter table `Review` 
       add constraint `FKnj9qy0abu7q36agpvmv8o5j02` 
       foreign key (`product_id`) 
       references `product` (`id`)
Hibernate: 
    
    alter table `Review` 
       add constraint `FK233djdtkich61ll3iebvyoih4` 
       foreign key (`user_id`) 
       references `user` (`id`)
Hibernate: 
    
    alter table `address` 
       add constraint `FKl6b9lua3hqsgtj34clpv418fv` 
       foreign key (`user_id`) 
       references `user` (`id`)
Hibernate: 
    
    alter table `cart` 
       add constraint `FKiw3dboymjaff8qrst6olsoir4` 
       foreign key (`product_id`) 
       references `product` (`id`)
Hibernate: 
    
    alter table `cart` 
       add constraint `FKbmo4tkl6m9od5wdc8gdd65vrb` 
       foreign key (`user_id`) 
       references `user` (`id`)
Hibernate: 
    
    alter table `order` 
       add constraint `FK5ds52cnxjw9c99ovccne0axk0` 
       foreign key (`user_id`) 
       references `user` (`id`)
Hibernate: 
    
    alter table `order_detail` 
       add constraint `FKkkl8lqaxofq5cr97y5q9n6b0i` 
       foreign key (`order_id`) 
       references `order` (`id`)
Hibernate: 
    
    alter table `order_detail` 
       add constraint `FKj1gw0pqsdwms2nko96l26h0hv` 
       foreign key (`product_id`) 
       references `product` (`id`)
Hibernate: 
    
    alter table `point` 
       add constraint `FKhvoxigyrlivek6rhkb3xuusm0` 
       foreign key (`user_id`) 
       references `user` (`id`)
Hibernate: 
    
    alter table `product_image` 
       add constraint `FK404iut26wg4pq85osw3vn0kwd` 
       foreign key (`product_id`) 
       references `product` (`id`)
2024-03-07 20:23:34.676  INFO 66309 --- [           main] o.h.e.t.j.p.i.JtaPlatformInitiator       : HHH000490: Using JtaPlatform implementation: [org.hibernate.engine.transaction.jta.platform.internal.NoJtaPlatform]
2024-03-07 20:23:34.676  INFO 66309 --- [           main] j.LocalContainerEntityManagerFactoryBean : Initialized JPA EntityManagerFactory for persistence unit 'default'
2024-03-07 20:23:34.867  INFO 66309 --- [           main] c.n.s.repository.UserRepositoryTest      : Started UserRepositoryTest in 0.449 seconds (JVM running for 11.225)
2024-03-07 20:23:34.880  INFO 66309 --- [           main] o.s.t.c.transaction.TransactionContext   : Began transaction (1) for test context [DefaultTestContext@35529bcc testClass = UserRepositoryTest, testInstance = com.nhnacademy.shoppingmall.repository.UserRepositoryTest@4ec8aea9, testMethod = existsByLoginId@UserRepositoryTest, testException = [null], mergedContextConfiguration = [MergedContextConfiguration@65af2b8c testClass = UserRepositoryTest, locations = '{}', classes = '{class com.nhnacademy.shoppingmall.ShoppingmallApplication}', contextInitializerClasses = '[]', activeProfiles = '{}', propertySourceLocations = '{}', propertySourceProperties = '{org.springframework.boot.test.autoconfigure.orm.jpa.DataJpaTestContextBootstrapper=true}', contextCustomizers = set[[ImportsContextCustomizer@1dcf7c57 key = [org.springframework.boot.autoconfigure.transaction.TransactionAutoConfiguration, org.springframework.boot.autoconfigure.data.jpa.JpaRepositoriesAutoConfiguration, org.springframework.boot.autoconfigure.jdbc.DataSourceAutoConfiguration, org.springframework.boot.test.autoconfigure.orm.jpa.TestEntityManagerAutoConfiguration, org.springframework.boot.autoconfigure.cache.CacheAutoConfiguration, org.springframework.boot.autoconfigure.orm.jpa.HibernateJpaAutoConfiguration, org.springframework.boot.autoconfigure.sql.init.SqlInitializationAutoConfiguration, org.springframework.boot.autoconfigure.jdbc.JdbcTemplateAutoConfiguration, org.springframework.boot.test.autoconfigure.jdbc.TestDatabaseAutoConfiguration, org.springframework.boot.autoconfigure.flyway.FlywayAutoConfiguration, org.springframework.boot.autoconfigure.jdbc.DataSourceTransactionManagerAutoConfiguration, org.springframework.boot.autoconfigure.liquibase.LiquibaseAutoConfiguration]], org.springframework.boot.test.context.filter.ExcludeFilterContextCustomizer@56303475, org.springframework.boot.test.json.DuplicateJsonObjectContextCustomizerFactory$DuplicateJsonObjectContextCustomizer@c81fd12, org.springframework.boot.test.mock.mockito.MockitoContextCustomizer@0, org.springframework.boot.test.autoconfigure.OverrideAutoConfigurationContextCustomizerFactory$DisableAutoConfigurationContextCustomizer@2190c4a7, org.springframework.boot.test.autoconfigure.actuate.metrics.MetricsExportContextCustomizerFactory$DisableMetricExportContextCustomizer@6b474074, org.springframework.boot.test.autoconfigure.filter.TypeExcludeFiltersContextCustomizer@351584c0, org.springframework.boot.test.autoconfigure.properties.PropertyMappingContextCustomizer@a3aa7c6b, org.springframework.boot.test.autoconfigure.web.servlet.WebDriverContextCustomizerFactory$Customizer@e4d2696, org.springframework.boot.test.context.SpringBootTestArgs@1, org.springframework.boot.test.context.SpringBootTestWebEnvironment@0], contextLoader = 'org.springframework.boot.test.context.SpringBootContextLoader', parent = [null]], attributes = map['org.springframework.test.context.event.ApplicationEventsTestExecutionListener.recordApplicationEvents' -> false]]; transaction manager [org.springframework.orm.jpa.JpaTransactionManager@4be9b820]; rollback [true]
Hibernate: 
    /* insert com.nhnacademy.shoppingmall.enitiy.User
        */ insert 
        into
            `
            user` (
                `auth`, `birth_date`, `created_at`, `last_login_at`, `login_id`, `name`, `password`, `point`, `terminated_yn`
            ) 
        values
            (?, ?, ?, ?, ?, ?, ?, ?, ?)
Hibernate: 
    /* select
        generatedAlias0.id 
    from
        User as generatedAlias0 
    where
        generatedAlias0.loginId=:param0 */ select
            user0_.`id` as col_0_0_ 
        from
            `user` user0_ 
        where
            user0_.`login_id`=? limit ?
2024-03-07 20:23:35.002  INFO 66309 --- [           main] o.s.t.c.transaction.TransactionContext   : Rolled back transaction for test: [DefaultTestContext@35529bcc testClass = UserRepositoryTest, testInstance = com.nhnacademy.shoppingmall.repository.UserRepositoryTest@4ec8aea9, testMethod = existsByLoginId@UserRepositoryTest, testException = [null], mergedContextConfiguration = [MergedContextConfiguration@65af2b8c testClass = UserRepositoryTest, locations = '{}', classes = '{class com.nhnacademy.shoppingmall.ShoppingmallApplication}', contextInitializerClasses = '[]', activeProfiles = '{}', propertySourceLocations = '{}', propertySourceProperties = '{org.springframework.boot.test.autoconfigure.orm.jpa.DataJpaTestContextBootstrapper=true}', contextCustomizers = set[[ImportsContextCustomizer@1dcf7c57 key = [org.springframework.boot.autoconfigure.transaction.TransactionAutoConfiguration, org.springframework.boot.autoconfigure.data.jpa.JpaRepositoriesAutoConfiguration, org.springframework.boot.autoconfigure.jdbc.DataSourceAutoConfiguration, org.springframework.boot.test.autoconfigure.orm.jpa.TestEntityManagerAutoConfiguration, org.springframework.boot.autoconfigure.cache.CacheAutoConfiguration, org.springframework.boot.autoconfigure.orm.jpa.HibernateJpaAutoConfiguration, org.springframework.boot.autoconfigure.sql.init.SqlInitializationAutoConfiguration, org.springframework.boot.autoconfigure.jdbc.JdbcTemplateAutoConfiguration, org.springframework.boot.test.autoconfigure.jdbc.TestDatabaseAutoConfiguration, org.springframework.boot.autoconfigure.flyway.FlywayAutoConfiguration, org.springframework.boot.autoconfigure.jdbc.DataSourceTransactionManagerAutoConfiguration, org.springframework.boot.autoconfigure.liquibase.LiquibaseAutoConfiguration]], org.springframework.boot.test.context.filter.ExcludeFilterContextCustomizer@56303475, org.springframework.boot.test.json.DuplicateJsonObjectContextCustomizerFactory$DuplicateJsonObjectContextCustomizer@c81fd12, org.springframework.boot.test.mock.mockito.MockitoContextCustomizer@0, org.springframework.boot.test.autoconfigure.OverrideAutoConfigurationContextCustomizerFactory$DisableAutoConfigurationContextCustomizer@2190c4a7, org.springframework.boot.test.autoconfigure.actuate.metrics.MetricsExportContextCustomizerFactory$DisableMetricExportContextCustomizer@6b474074, org.springframework.boot.test.autoconfigure.filter.TypeExcludeFiltersContextCustomizer@351584c0, org.springframework.boot.test.autoconfigure.properties.PropertyMappingContextCustomizer@a3aa7c6b, org.springframework.boot.test.autoconfigure.web.servlet.WebDriverContextCustomizerFactory$Customizer@e4d2696, org.springframework.boot.test.context.SpringBootTestArgs@1, org.springframework.boot.test.context.SpringBootTestWebEnvironment@0], contextLoader = 'org.springframework.boot.test.context.SpringBootContextLoader', parent = [null]], attributes = map['org.springframework.test.context.event.ApplicationEventsTestExecutionListener.recordApplicationEvents' -> false]]
]]></system-out>
  </testcase>
  <testcase name="존재하지 않는 로그인 아이디 테스트" classname="com.nhnacademy.shoppingmall.repository.UserRepositoryTest" time="0.007">
    <system-out><![CDATA[2024-03-07 20:23:35.007  INFO 66309 --- [           main] o.s.t.c.transaction.TransactionContext   : Began transaction (1) for test context [DefaultTestContext@35529bcc testClass = UserRepositoryTest, testInstance = com.nhnacademy.shoppingmall.repository.UserRepositoryTest@3eeab865, testMethod = notExistsByLoginId@UserRepositoryTest, testException = [null], mergedContextConfiguration = [MergedContextConfiguration@65af2b8c testClass = UserRepositoryTest, locations = '{}', classes = '{class com.nhnacademy.shoppingmall.ShoppingmallApplication}', contextInitializerClasses = '[]', activeProfiles = '{}', propertySourceLocations = '{}', propertySourceProperties = '{org.springframework.boot.test.autoconfigure.orm.jpa.DataJpaTestContextBootstrapper=true}', contextCustomizers = set[[ImportsContextCustomizer@1dcf7c57 key = [org.springframework.boot.autoconfigure.transaction.TransactionAutoConfiguration, org.springframework.boot.autoconfigure.data.jpa.JpaRepositoriesAutoConfiguration, org.springframework.boot.autoconfigure.jdbc.DataSourceAutoConfiguration, org.springframework.boot.test.autoconfigure.orm.jpa.TestEntityManagerAutoConfiguration, org.springframework.boot.autoconfigure.cache.CacheAutoConfiguration, org.springframework.boot.autoconfigure.orm.jpa.HibernateJpaAutoConfiguration, org.springframework.boot.autoconfigure.sql.init.SqlInitializationAutoConfiguration, org.springframework.boot.autoconfigure.jdbc.JdbcTemplateAutoConfiguration, org.springframework.boot.test.autoconfigure.jdbc.TestDatabaseAutoConfiguration, org.springframework.boot.autoconfigure.flyway.FlywayAutoConfiguration, org.springframework.boot.autoconfigure.jdbc.DataSourceTransactionManagerAutoConfiguration, org.springframework.boot.autoconfigure.liquibase.LiquibaseAutoConfiguration]], org.springframework.boot.test.context.filter.ExcludeFilterContextCustomizer@56303475, org.springframework.boot.test.json.DuplicateJsonObjectContextCustomizerFactory$DuplicateJsonObjectContextCustomizer@c81fd12, org.springframework.boot.test.mock.mockito.MockitoContextCustomizer@0, org.springframework.boot.test.autoconfigure.OverrideAutoConfigurationContextCustomizerFactory$DisableAutoConfigurationContextCustomizer@2190c4a7, org.springframework.boot.test.autoconfigure.actuate.metrics.MetricsExportContextCustomizerFactory$DisableMetricExportContextCustomizer@6b474074, org.springframework.boot.test.autoconfigure.filter.TypeExcludeFiltersContextCustomizer@351584c0, org.springframework.boot.test.autoconfigure.properties.PropertyMappingContextCustomizer@a3aa7c6b, org.springframework.boot.test.autoconfigure.web.servlet.WebDriverContextCustomizerFactory$Customizer@e4d2696, org.springframework.boot.test.context.SpringBootTestArgs@1, org.springframework.boot.test.context.SpringBootTestWebEnvironment@0], contextLoader = 'org.springframework.boot.test.context.SpringBootContextLoader', parent = [null]], attributes = map['org.springframework.test.context.event.ApplicationEventsTestExecutionListener.recordApplicationEvents' -> false]]; transaction manager [org.springframework.orm.jpa.JpaTransactionManager@4be9b820]; rollback [true]
Hibernate: 
    /* select
        generatedAlias0.id 
    from
        User as generatedAlias0 
    where
        generatedAlias0.loginId=:param0 */ select
            user0_.`id` as col_0_0_ 
        from
            `user` user0_ 
        where
            user0_.`login_id`=? limit ?
2024-03-07 20:23:35.011  INFO 66309 --- [           main] o.s.t.c.transaction.TransactionContext   : Rolled back transaction for test: [DefaultTestContext@35529bcc testClass = UserRepositoryTest, testInstance = com.nhnacademy.shoppingmall.repository.UserRepositoryTest@3eeab865, testMethod = notExistsByLoginId@UserRepositoryTest, testException = [null], mergedContextConfiguration = [MergedContextConfiguration@65af2b8c testClass = UserRepositoryTest, locations = '{}', classes = '{class com.nhnacademy.shoppingmall.ShoppingmallApplication}', contextInitializerClasses = '[]', activeProfiles = '{}', propertySourceLocations = '{}', propertySourceProperties = '{org.springframework.boot.test.autoconfigure.orm.jpa.DataJpaTestContextBootstrapper=true}', contextCustomizers = set[[ImportsContextCustomizer@1dcf7c57 key = [org.springframework.boot.autoconfigure.transaction.TransactionAutoConfiguration, org.springframework.boot.autoconfigure.data.jpa.JpaRepositoriesAutoConfiguration, org.springframework.boot.autoconfigure.jdbc.DataSourceAutoConfiguration, org.springframework.boot.test.autoconfigure.orm.jpa.TestEntityManagerAutoConfiguration, org.springframework.boot.autoconfigure.cache.CacheAutoConfiguration, org.springframework.boot.autoconfigure.orm.jpa.HibernateJpaAutoConfiguration, org.springframework.boot.autoconfigure.sql.init.SqlInitializationAutoConfiguration, org.springframework.boot.autoconfigure.jdbc.JdbcTemplateAutoConfiguration, org.springframework.boot.test.autoconfigure.jdbc.TestDatabaseAutoConfiguration, org.springframework.boot.autoconfigure.flyway.FlywayAutoConfiguration, org.springframework.boot.autoconfigure.jdbc.DataSourceTransactionManagerAutoConfiguration, org.springframework.boot.autoconfigure.liquibase.LiquibaseAutoConfiguration]], org.springframework.boot.test.context.filter.ExcludeFilterContextCustomizer@56303475, org.springframework.boot.test.json.DuplicateJsonObjectContextCustomizerFactory$DuplicateJsonObjectContextCustomizer@c81fd12, org.springframework.boot.test.mock.mockito.MockitoContextCustomizer@0, org.springframework.boot.test.autoconfigure.OverrideAutoConfigurationContextCustomizerFactory$DisableAutoConfigurationContextCustomizer@2190c4a7, org.springframework.boot.test.autoconfigure.actuate.metrics.MetricsExportContextCustomizerFactory$DisableMetricExportContextCustomizer@6b474074, org.springframework.boot.test.autoconfigure.filter.TypeExcludeFiltersContextCustomizer@351584c0, org.springframework.boot.test.autoconfigure.properties.PropertyMappingContextCustomizer@a3aa7c6b, org.springframework.boot.test.autoconfigure.web.servlet.WebDriverContextCustomizerFactory$Customizer@e4d2696, org.springframework.boot.test.context.SpringBootTestArgs@1, org.springframework.boot.test.context.SpringBootTestWebEnvironment@0], contextLoader = 'org.springframework.boot.test.context.SpringBootContextLoader', parent = [null]], attributes = map['org.springframework.test.context.event.ApplicationEventsTestExecutionListener.recordApplicationEvents' -> false]]
]]></system-out>
  </testcase>
</testsuite>