<?xml version="1.0" encoding="UTF-8"?>
<testsuite xmlns:xsi="http://www.w3.org/2001/XMLSchema-instance" xsi:noNamespaceSchemaLocation="https://maven.apache.org/surefire/maven-surefire-plugin/xsd/surefire-test-report-3.0.xsd" version="3.0" name="com.nhnacademy.shoppingmall.repository.ProductRepositoryTest" time="0.277" tests="5" errors="0" skipped="0" failures="0">
  <properties>
[...]
</properties>
  <testcase name="상품 목록 페이지 조회 테스트(검색어 X , 카테고리 O)" classname="com.nhnacademy.shoppingmall.repository.ProductRepositoryTest" time="0.196">
    <system-out><![CDATA[2024-03-07 20:23:35.014  INFO 66309 --- [           main] b.t.a.o.j.DataJpaTestContextBootstrapper : Neither @ContextConfiguration nor @ContextHierarchy found for test class [com.nhnacademy.shoppingmall.repository.ProductRepositoryTest], using SpringBootContextLoader
2024-03-07 20:23:35.015  INFO 66309 --- [           main] o.s.t.c.support.AbstractContextLoader    : Could not detect default resource locations for test class [com.nhnacademy.shoppingmall.repository.ProductRepositoryTest]: no resource found for suffixes {-context.xml, Context.groovy}.
2024-03-07 20:23:35.015  INFO 66309 --- [           main] t.c.s.AnnotationConfigContextLoaderUtils : Could not detect default configuration classes for test class [com.nhnacademy.shoppingmall.repository.ProductRepositoryTest]: ProductRepositoryTest does not declare any static, non-private, non-final, nested classes annotated with @Configuration.
2024-03-07 20:23:35.017  INFO 66309 --- [           main] .b.t.c.SpringBootTestContextBootstrapper : Found @SpringBootConfiguration com.nhnacademy.shoppingmall.ShoppingmallApplication for test class com.nhnacademy.shoppingmall.repository.ProductRepositoryTest
2024-03-07 20:23:35.018  INFO 66309 --- [           main] b.t.a.o.j.DataJpaTestContextBootstrapper : Loaded default TestExecutionListener class names from location [META-INF/spring.factories]: [org.springframework.boot.test.mock.mockito.MockitoTestExecutionListener, org.springframework.boot.test.mock.mockito.ResetMocksTestExecutionListener, org.springframework.boot.test.autoconfigure.restdocs.RestDocsTestExecutionListener, org.springframework.boot.test.autoconfigure.web.client.MockRestServiceServerResetTestExecutionListener, org.springframework.boot.test.autoconfigure.web.servlet.MockMvcPrintOnlyOnFailureTestExecutionListener, org.springframework.boot.test.autoconfigure.web.servlet.WebDriverTestExecutionListener, org.springframework.boot.test.autoconfigure.webservices.client.MockWebServiceServerTestExecutionListener, org.springframework.test.context.web.ServletTestExecutionListener, org.springframework.test.context.support.DirtiesContextBeforeModesTestExecutionListener, org.springframework.test.context.event.ApplicationEventsTestExecutionListener, org.springframework.test.context.support.DependencyInjectionTestExecutionListener, org.springframework.test.context.support.DirtiesContextTestExecutionListener, org.springframework.test.context.transaction.TransactionalTestExecutionListener, org.springframework.test.context.jdbc.SqlScriptsTestExecutionListener, org.springframework.test.context.event.EventPublishingTestExecutionListener]
2024-03-07 20:23:35.018  INFO 66309 --- [           main] b.t.a.o.j.DataJpaTestContextBootstrapper : Using TestExecutionListeners: [org.springframework.test.context.web.ServletTestExecutionListener@67d70df0, org.springframework.test.context.support.DirtiesContextBeforeModesTestExecutionListener@1a4564f, org.springframework.test.context.event.ApplicationEventsTestExecutionListener@3e216379, org.springframework.boot.test.mock.mockito.MockitoTestExecutionListener@74f60344, org.springframework.boot.test.autoconfigure.SpringBootDependencyInjectionTestExecutionListener@2b1128a7, org.springframework.test.context.support.DirtiesContextTestExecutionListener@8a405a4, org.springframework.test.context.transaction.TransactionalTestExecutionListener@3d2b9562, org.springframework.test.context.jdbc.SqlScriptsTestExecutionListener@79834da0, org.springframework.test.context.event.EventPublishingTestExecutionListener@5bf51627, org.springframework.boot.test.mock.mockito.ResetMocksTestExecutionListener@7354a1d8, org.springframework.boot.test.autoconfigure.restdocs.RestDocsTestExecutionListener@1235ba55, org.springframework.boot.test.autoconfigure.web.client.MockRestServiceServerResetTestExecutionListener@71381bfe, org.springframework.boot.test.autoconfigure.web.servlet.MockMvcPrintOnlyOnFailureTestExecutionListener@20f6fd0, org.springframework.boot.test.autoconfigure.web.servlet.WebDriverTestExecutionListener@54034428, org.springframework.boot.test.autoconfigure.webservices.client.MockWebServiceServerTestExecutionListener@6b5babef]
2024-03-07 20:23:35.024  INFO 66309 --- [           main] o.s.t.c.transaction.TransactionContext   : Began transaction (1) for test context [DefaultTestContext@6de90db3 testClass = ProductRepositoryTest, testInstance = com.nhnacademy.shoppingmall.repository.ProductRepositoryTest@5b5bd732, testMethod = findProductPageWithCategory@ProductRepositoryTest, testException = [null], mergedContextConfiguration = [MergedContextConfiguration@6cb537ea testClass = ProductRepositoryTest, locations = '{}', classes = '{class com.nhnacademy.shoppingmall.ShoppingmallApplication}', contextInitializerClasses = '[]', activeProfiles = '{}', propertySourceLocations = '{}', propertySourceProperties = '{org.springframework.boot.test.autoconfigure.orm.jpa.DataJpaTestContextBootstrapper=true}', contextCustomizers = set[[ImportsContextCustomizer@66c51744 key = [org.springframework.boot.autoconfigure.transaction.TransactionAutoConfiguration, org.springframework.boot.autoconfigure.data.jpa.JpaRepositoriesAutoConfiguration, org.springframework.boot.autoconfigure.jdbc.DataSourceAutoConfiguration, org.springframework.boot.test.autoconfigure.orm.jpa.TestEntityManagerAutoConfiguration, org.springframework.boot.autoconfigure.cache.CacheAutoConfiguration, org.springframework.boot.autoconfigure.orm.jpa.HibernateJpaAutoConfiguration, org.springframework.boot.autoconfigure.sql.init.SqlInitializationAutoConfiguration, org.springframework.boot.autoconfigure.jdbc.JdbcTemplateAutoConfiguration, org.springframework.boot.test.autoconfigure.jdbc.TestDatabaseAutoConfiguration, org.springframework.boot.autoconfigure.flyway.FlywayAutoConfiguration, org.springframework.boot.autoconfigure.jdbc.DataSourceTransactionManagerAutoConfiguration, org.springframework.boot.autoconfigure.liquibase.LiquibaseAutoConfiguration]], org.springframework.boot.test.context.filter.ExcludeFilterContextCustomizer@56303475, org.springframework.boot.test.json.DuplicateJsonObjectContextCustomizerFactory$DuplicateJsonObjectContextCustomizer@c81fd12, org.springframework.boot.test.mock.mockito.MockitoContextCustomizer@0, org.springframework.boot.test.autoconfigure.OverrideAutoConfigurationContextCustomizerFactory$DisableAutoConfigurationContextCustomizer@2190c4a7, org.springframework.boot.test.autoconfigure.actuate.metrics.MetricsExportContextCustomizerFactory$DisableMetricExportContextCustomizer@6b474074, org.springframework.boot.test.autoconfigure.filter.TypeExcludeFiltersContextCustomizer@351584c0, org.springframework.boot.test.autoconfigure.properties.PropertyMappingContextCustomizer@a3aa7c6b, org.springframework.boot.test.autoconfigure.web.servlet.WebDriverContextCustomizerFactory$Customizer@e4d2696, org.springframework.boot.test.context.SpringBootTestArgs@1, org.springframework.boot.test.context.SpringBootTestWebEnvironment@0], contextLoader = 'org.springframework.boot.test.context.SpringBootContextLoader', parent = [null]], attributes = map['org.springframework.test.context.event.ApplicationEventsTestExecutionListener.recordApplicationEvents' -> false]]; transaction manager [org.springframework.orm.jpa.JpaTransactionManager@4be9b820]; rollback [true]
Hibernate: 
    /* insert com.nhnacademy.shoppingmall.enitiy.Product
        */ insert 
        into
            `
            product` (
                `created_at`, `deleted_yn`, `description`, `model_name`, `model_number`, `quantity`, `thumbnail`, `unit_cost`
            ) 
        values
            (?, ?, ?, ?, ?, ?, ?, ?)
Hibernate: 
    /* insert com.nhnacademy.shoppingmall.enitiy.Category
        */ insert 
        into
            `
            category` (
                `name`
            ) 
        values
            (?)
Hibernate: 
    /* insert com.nhnacademy.shoppingmall.enitiy.ProductCategory
        */ insert 
        into
            `
            product_category` (
                `category_id`, `product_id`
            ) 
        values
            (?, ?)
Hibernate: 
    /* select
        product.id,
        product.modelNumber,
        product.modelName,
        product.unitCost,
        product.thumbnail,
        product.quantity,
        product.createdAt 
    from
        Product product   
    inner join
        ProductCategory productCategory with product.id = productCategory.productId 
    where
        productCategory.categoryId = ?1 */ select
            product0_.`id` as col_0_0_,
            product0_.`model_number` as col_1_0_,
            product0_.`model_name` as col_2_0_,
            product0_.`unit_cost` as col_3_0_,
            product0_.`thumbnail` as col_4_0_,
            product0_.`quantity` as col_5_0_,
            product0_.`created_at` as col_6_0_ 
        from
            `product` product0_ 
        inner join
            `product_category` productcat1_ 
                on (
                    product0_.`id`=productcat1_.`product_id`
                ) 
        where
            productcat1_.`category_id`=? limit ?
2024-03-07 20:23:35.216  INFO 66309 --- [           main] o.s.t.c.transaction.TransactionContext   : Rolled back transaction for test: [DefaultTestContext@6de90db3 testClass = ProductRepositoryTest, testInstance = com.nhnacademy.shoppingmall.repository.ProductRepositoryTest@5b5bd732, testMethod = findProductPageWithCategory@ProductRepositoryTest, testException = [null], mergedContextConfiguration = [MergedContextConfiguration@6cb537ea testClass = ProductRepositoryTest, locations = '{}', classes = '{class com.nhnacademy.shoppingmall.ShoppingmallApplication}', contextInitializerClasses = '[]', activeProfiles = '{}', propertySourceLocations = '{}', propertySourceProperties = '{org.springframework.boot.test.autoconfigure.orm.jpa.DataJpaTestContextBootstrapper=true}', contextCustomizers = set[[ImportsContextCustomizer@66c51744 key = [org.springframework.boot.autoconfigure.transaction.TransactionAutoConfiguration, org.springframework.boot.autoconfigure.data.jpa.JpaRepositoriesAutoConfiguration, org.springframework.boot.autoconfigure.jdbc.DataSourceAutoConfiguration, org.springframework.boot.test.autoconfigure.orm.jpa.TestEntityManagerAutoConfiguration, org.springframework.boot.autoconfigure.cache.CacheAutoConfiguration, org.springframework.boot.autoconfigure.orm.jpa.HibernateJpaAutoConfiguration, org.springframework.boot.autoconfigure.sql.init.SqlInitializationAutoConfiguration, org.springframework.boot.autoconfigure.jdbc.JdbcTemplateAutoConfiguration, org.springframework.boot.test.autoconfigure.jdbc.TestDatabaseAutoConfiguration, org.springframework.boot.autoconfigure.flyway.FlywayAutoConfiguration, org.springframework.boot.autoconfigure.jdbc.DataSourceTransactionManagerAutoConfiguration, org.springframework.boot.autoconfigure.liquibase.LiquibaseAutoConfiguration]], org.springframework.boot.test.context.filter.ExcludeFilterContextCustomizer@56303475, org.springframework.boot.test.json.DuplicateJsonObjectContextCustomizerFactory$DuplicateJsonObjectContextCustomizer@c81fd12, org.springframework.boot.test.mock.mockito.MockitoContextCustomizer@0, org.springframework.boot.test.autoconfigure.OverrideAutoConfigurationContextCustomizerFactory$DisableAutoConfigurationContextCustomizer@2190c4a7, org.springframework.boot.test.autoconfigure.actuate.metrics.MetricsExportContextCustomizerFactory$DisableMetricExportContextCustomizer@6b474074, org.springframework.boot.test.autoconfigure.filter.TypeExcludeFiltersContextCustomizer@351584c0, org.springframework.boot.test.autoconfigure.properties.PropertyMappingContextCustomizer@a3aa7c6b, org.springframework.boot.test.autoconfigure.web.servlet.WebDriverContextCustomizerFactory$Customizer@e4d2696, org.springframework.boot.test.context.SpringBootTestArgs@1, org.springframework.boot.test.context.SpringBootTestWebEnvironment@0], contextLoader = 'org.springframework.boot.test.context.SpringBootContextLoader', parent = [null]], attributes = map['org.springframework.test.context.event.ApplicationEventsTestExecutionListener.recordApplicationEvents' -> false]]
]]></system-out>
  </testcase>
  <testcase name="상품 목록 페이지 조회 테스트(검색어 O , 카테고리 X)" classname="com.nhnacademy.shoppingmall.repository.ProductRepositoryTest" time="0.021">
    <system-out><![CDATA[2024-03-07 20:23:35.220  INFO 66309 --- [           main] o.s.t.c.transaction.TransactionContext   : Began transaction (1) for test context [DefaultTestContext@6de90db3 testClass = ProductRepositoryTest, testInstance = com.nhnacademy.shoppingmall.repository.ProductRepositoryTest@4fa8df8, testMethod = findProductPageWithKeyword@ProductRepositoryTest, testException = [null], mergedContextConfiguration = [MergedContextConfiguration@6cb537ea testClass = ProductRepositoryTest, locations = '{}', classes = '{class com.nhnacademy.shoppingmall.ShoppingmallApplication}', contextInitializerClasses = '[]', activeProfiles = '{}', propertySourceLocations = '{}', propertySourceProperties = '{org.springframework.boot.test.autoconfigure.orm.jpa.DataJpaTestContextBootstrapper=true}', contextCustomizers = set[[ImportsContextCustomizer@66c51744 key = [org.springframework.boot.autoconfigure.transaction.TransactionAutoConfiguration, org.springframework.boot.autoconfigure.data.jpa.JpaRepositoriesAutoConfiguration, org.springframework.boot.autoconfigure.jdbc.DataSourceAutoConfiguration, org.springframework.boot.test.autoconfigure.orm.jpa.TestEntityManagerAutoConfiguration, org.springframework.boot.autoconfigure.cache.CacheAutoConfiguration, org.springframework.boot.autoconfigure.orm.jpa.HibernateJpaAutoConfiguration, org.springframework.boot.autoconfigure.sql.init.SqlInitializationAutoConfiguration, org.springframework.boot.autoconfigure.jdbc.JdbcTemplateAutoConfiguration, org.springframework.boot.test.autoconfigure.jdbc.TestDatabaseAutoConfiguration, org.springframework.boot.autoconfigure.flyway.FlywayAutoConfiguration, org.springframework.boot.autoconfigure.jdbc.DataSourceTransactionManagerAutoConfiguration, org.springframework.boot.autoconfigure.liquibase.LiquibaseAutoConfiguration]], org.springframework.boot.test.context.filter.ExcludeFilterContextCustomizer@56303475, org.springframework.boot.test.json.DuplicateJsonObjectContextCustomizerFactory$DuplicateJsonObjectContextCustomizer@c81fd12, org.springframework.boot.test.mock.mockito.MockitoContextCustomizer@0, org.springframework.boot.test.autoconfigure.OverrideAutoConfigurationContextCustomizerFactory$DisableAutoConfigurationContextCustomizer@2190c4a7, org.springframework.boot.test.autoconfigure.actuate.metrics.MetricsExportContextCustomizerFactory$DisableMetricExportContextCustomizer@6b474074, org.springframework.boot.test.autoconfigure.filter.TypeExcludeFiltersContextCustomizer@351584c0, org.springframework.boot.test.autoconfigure.properties.PropertyMappingContextCustomizer@a3aa7c6b, org.springframework.boot.test.autoconfigure.web.servlet.WebDriverContextCustomizerFactory$Customizer@e4d2696, org.springframework.boot.test.context.SpringBootTestArgs@1, org.springframework.boot.test.context.SpringBootTestWebEnvironment@0], contextLoader = 'org.springframework.boot.test.context.SpringBootContextLoader', parent = [null]], attributes = map['org.springframework.test.context.event.ApplicationEventsTestExecutionListener.recordApplicationEvents' -> false]]; transaction manager [org.springframework.orm.jpa.JpaTransactionManager@4be9b820]; rollback [true]
Hibernate: 
    /* insert com.nhnacademy.shoppingmall.enitiy.Product
        */ insert 
        into
            `
            product` (
                `created_at`, `deleted_yn`, `description`, `model_name`, `model_number`, `quantity`, `thumbnail`, `unit_cost`
            ) 
        values
            (?, ?, ?, ?, ?, ?, ?, ?)
Hibernate: 
    /* insert com.nhnacademy.shoppingmall.enitiy.Category
        */ insert 
        into
            `
            category` (
                `name`
            ) 
        values
            (?)
Hibernate: 
    /* insert com.nhnacademy.shoppingmall.enitiy.ProductCategory
        */ insert 
        into
            `
            product_category` (
                `category_id`, `product_id`
            ) 
        values
            (?, ?)
Hibernate: 
    /* select
        product.id,
        product.modelNumber,
        product.modelName,
        product.unitCost,
        product.thumbnail,
        product.quantity,
        product.createdAt 
    from
        Product product   
    inner join
        ProductCategory productCategory with product.id = productCategory.productId 
    where
        product.modelName like ?1 escape '!' */ select
            product0_.`id` as col_0_0_,
            product0_.`model_number` as col_1_0_,
            product0_.`model_name` as col_2_0_,
            product0_.`unit_cost` as col_3_0_,
            product0_.`thumbnail` as col_4_0_,
            product0_.`quantity` as col_5_0_,
            product0_.`created_at` as col_6_0_ 
        from
            `product` product0_ 
        inner join
            `product_category` productcat1_ 
                on (
                    product0_.`id`=productcat1_.`product_id`
                ) 
        where
            product0_.`model_name` like ? escape '!' limit ?
2024-03-07 20:23:35.238  INFO 66309 --- [           main] o.s.t.c.transaction.TransactionContext   : Rolled back transaction for test: [DefaultTestContext@6de90db3 testClass = ProductRepositoryTest, testInstance = com.nhnacademy.shoppingmall.repository.ProductRepositoryTest@4fa8df8, testMethod = findProductPageWithKeyword@ProductRepositoryTest, testException = [null], mergedContextConfiguration = [MergedContextConfiguration@6cb537ea testClass = ProductRepositoryTest, locations = '{}', classes = '{class com.nhnacademy.shoppingmall.ShoppingmallApplication}', contextInitializerClasses = '[]', activeProfiles = '{}', propertySourceLocations = '{}', propertySourceProperties = '{org.springframework.boot.test.autoconfigure.orm.jpa.DataJpaTestContextBootstrapper=true}', contextCustomizers = set[[ImportsContextCustomizer@66c51744 key = [org.springframework.boot.autoconfigure.transaction.TransactionAutoConfiguration, org.springframework.boot.autoconfigure.data.jpa.JpaRepositoriesAutoConfiguration, org.springframework.boot.autoconfigure.jdbc.DataSourceAutoConfiguration, org.springframework.boot.test.autoconfigure.orm.jpa.TestEntityManagerAutoConfiguration, org.springframework.boot.autoconfigure.cache.CacheAutoConfiguration, org.springframework.boot.autoconfigure.orm.jpa.HibernateJpaAutoConfiguration, org.springframework.boot.autoconfigure.sql.init.SqlInitializationAutoConfiguration, org.springframework.boot.autoconfigure.jdbc.JdbcTemplateAutoConfiguration, org.springframework.boot.test.autoconfigure.jdbc.TestDatabaseAutoConfiguration, org.springframework.boot.autoconfigure.flyway.FlywayAutoConfiguration, org.springframework.boot.autoconfigure.jdbc.DataSourceTransactionManagerAutoConfiguration, org.springframework.boot.autoconfigure.liquibase.LiquibaseAutoConfiguration]], org.springframework.boot.test.context.filter.ExcludeFilterContextCustomizer@56303475, org.springframework.boot.test.json.DuplicateJsonObjectContextCustomizerFactory$DuplicateJsonObjectContextCustomizer@c81fd12, org.springframework.boot.test.mock.mockito.MockitoContextCustomizer@0, org.springframework.boot.test.autoconfigure.OverrideAutoConfigurationContextCustomizerFactory$DisableAutoConfigurationContextCustomizer@2190c4a7, org.springframework.boot.test.autoconfigure.actuate.metrics.MetricsExportContextCustomizerFactory$DisableMetricExportContextCustomizer@6b474074, org.springframework.boot.test.autoconfigure.filter.TypeExcludeFiltersContextCustomizer@351584c0, org.springframework.boot.test.autoconfigure.properties.PropertyMappingContextCustomizer@a3aa7c6b, org.springframework.boot.test.autoconfigure.web.servlet.WebDriverContextCustomizerFactory$Customizer@e4d2696, org.springframework.boot.test.context.SpringBootTestArgs@1, org.springframework.boot.test.context.SpringBootTestWebEnvironment@0], contextLoader = 'org.springframework.boot.test.context.SpringBootContextLoader', parent = [null]], attributes = map['org.springframework.test.context.event.ApplicationEventsTestExecutionListener.recordApplicationEvents' -> false]]
]]></system-out>
  </testcase>
  <testcase name="상품 목록 페이지 조회 테스트(검색어 X , 카테고리 X)" classname="com.nhnacademy.shoppingmall.repository.ProductRepositoryTest" time="0.017">
    <system-out><![CDATA[2024-03-07 20:23:35.243  INFO 66309 --- [           main] o.s.t.c.transaction.TransactionContext   : Began transaction (1) for test context [DefaultTestContext@6de90db3 testClass = ProductRepositoryTest, testInstance = com.nhnacademy.shoppingmall.repository.ProductRepositoryTest@3b2a3e5f, testMethod = findProductPage@ProductRepositoryTest, testException = [null], mergedContextConfiguration = [MergedContextConfiguration@6cb537ea testClass = ProductRepositoryTest, locations = '{}', classes = '{class com.nhnacademy.shoppingmall.ShoppingmallApplication}', contextInitializerClasses = '[]', activeProfiles = '{}', propertySourceLocations = '{}', propertySourceProperties = '{org.springframework.boot.test.autoconfigure.orm.jpa.DataJpaTestContextBootstrapper=true}', contextCustomizers = set[[ImportsContextCustomizer@66c51744 key = [org.springframework.boot.autoconfigure.transaction.TransactionAutoConfiguration, org.springframework.boot.autoconfigure.data.jpa.JpaRepositoriesAutoConfiguration, org.springframework.boot.autoconfigure.jdbc.DataSourceAutoConfiguration, org.springframework.boot.test.autoconfigure.orm.jpa.TestEntityManagerAutoConfiguration, org.springframework.boot.autoconfigure.cache.CacheAutoConfiguration, org.springframework.boot.autoconfigure.orm.jpa.HibernateJpaAutoConfiguration, org.springframework.boot.autoconfigure.sql.init.SqlInitializationAutoConfiguration, org.springframework.boot.autoconfigure.jdbc.JdbcTemplateAutoConfiguration, org.springframework.boot.test.autoconfigure.jdbc.TestDatabaseAutoConfiguration, org.springframework.boot.autoconfigure.flyway.FlywayAutoConfiguration, org.springframework.boot.autoconfigure.jdbc.DataSourceTransactionManagerAutoConfiguration, org.springframework.boot.autoconfigure.liquibase.LiquibaseAutoConfiguration]], org.springframework.boot.test.context.filter.ExcludeFilterContextCustomizer@56303475, org.springframework.boot.test.json.DuplicateJsonObjectContextCustomizerFactory$DuplicateJsonObjectContextCustomizer@c81fd12, org.springframework.boot.test.mock.mockito.MockitoContextCustomizer@0, org.springframework.boot.test.autoconfigure.OverrideAutoConfigurationContextCustomizerFactory$DisableAutoConfigurationContextCustomizer@2190c4a7, org.springframework.boot.test.autoconfigure.actuate.metrics.MetricsExportContextCustomizerFactory$DisableMetricExportContextCustomizer@6b474074, org.springframework.boot.test.autoconfigure.filter.TypeExcludeFiltersContextCustomizer@351584c0, org.springframework.boot.test.autoconfigure.properties.PropertyMappingContextCustomizer@a3aa7c6b, org.springframework.boot.test.autoconfigure.web.servlet.WebDriverContextCustomizerFactory$Customizer@e4d2696, org.springframework.boot.test.context.SpringBootTestArgs@1, org.springframework.boot.test.context.SpringBootTestWebEnvironment@0], contextLoader = 'org.springframework.boot.test.context.SpringBootContextLoader', parent = [null]], attributes = map['org.springframework.test.context.event.ApplicationEventsTestExecutionListener.recordApplicationEvents' -> false]]; transaction manager [org.springframework.orm.jpa.JpaTransactionManager@4be9b820]; rollback [true]
Hibernate: 
    /* insert com.nhnacademy.shoppingmall.enitiy.Product
        */ insert 
        into
            `
            product` (
                `created_at`, `deleted_yn`, `description`, `model_name`, `model_number`, `quantity`, `thumbnail`, `unit_cost`
            ) 
        values
            (?, ?, ?, ?, ?, ?, ?, ?)
Hibernate: 
    /* insert com.nhnacademy.shoppingmall.enitiy.Category
        */ insert 
        into
            `
            category` (
                `name`
            ) 
        values
            (?)
Hibernate: 
    /* insert com.nhnacademy.shoppingmall.enitiy.ProductCategory
        */ insert 
        into
            `
            product_category` (
                `category_id`, `product_id`
            ) 
        values
            (?, ?)
Hibernate: 
    /* select
        product.id,
        product.modelNumber,
        product.modelName,
        product.unitCost,
        product.thumbnail,
        product.quantity,
        product.createdAt 
    from
        Product product   
    inner join
        ProductCategory productCategory with product.id = productCategory.productId */ select
            product0_.`id` as col_0_0_,
            product0_.`model_number` as col_1_0_,
            product0_.`model_name` as col_2_0_,
            product0_.`unit_cost` as col_3_0_,
            product0_.`thumbnail` as col_4_0_,
            product0_.`quantity` as col_5_0_,
            product0_.`created_at` as col_6_0_ 
        from
            `product` product0_ 
        inner join
            `product_category` productcat1_ 
                on (
                    product0_.`id`=productcat1_.`product_id`
                ) limit ?
2024-03-07 20:23:35.257  INFO 66309 --- [           main] o.s.t.c.transaction.TransactionContext   : Rolled back transaction for test: [DefaultTestContext@6de90db3 testClass = ProductRepositoryTest, testInstance = com.nhnacademy.shoppingmall.repository.ProductRepositoryTest@3b2a3e5f, testMethod = findProductPage@ProductRepositoryTest, testException = [null], mergedContextConfiguration = [MergedContextConfiguration@6cb537ea testClass = ProductRepositoryTest, locations = '{}', classes = '{class com.nhnacademy.shoppingmall.ShoppingmallApplication}', contextInitializerClasses = '[]', activeProfiles = '{}', propertySourceLocations = '{}', propertySourceProperties = '{org.springframework.boot.test.autoconfigure.orm.jpa.DataJpaTestContextBootstrapper=true}', contextCustomizers = set[[ImportsContextCustomizer@66c51744 key = [org.springframework.boot.autoconfigure.transaction.TransactionAutoConfiguration, org.springframework.boot.autoconfigure.data.jpa.JpaRepositoriesAutoConfiguration, org.springframework.boot.autoconfigure.jdbc.DataSourceAutoConfiguration, org.springframework.boot.test.autoconfigure.orm.jpa.TestEntityManagerAutoConfiguration, org.springframework.boot.autoconfigure.cache.CacheAutoConfiguration, org.springframework.boot.autoconfigure.orm.jpa.HibernateJpaAutoConfiguration, org.springframework.boot.autoconfigure.sql.init.SqlInitializationAutoConfiguration, org.springframework.boot.autoconfigure.jdbc.JdbcTemplateAutoConfiguration, org.springframework.boot.test.autoconfigure.jdbc.TestDatabaseAutoConfiguration, org.springframework.boot.autoconfigure.flyway.FlywayAutoConfiguration, org.springframework.boot.autoconfigure.jdbc.DataSourceTransactionManagerAutoConfiguration, org.springframework.boot.autoconfigure.liquibase.LiquibaseAutoConfiguration]], org.springframework.boot.test.context.filter.ExcludeFilterContextCustomizer@56303475, org.springframework.boot.test.json.DuplicateJsonObjectContextCustomizerFactory$DuplicateJsonObjectContextCustomizer@c81fd12, org.springframework.boot.test.mock.mockito.MockitoContextCustomizer@0, org.springframework.boot.test.autoconfigure.OverrideAutoConfigurationContextCustomizerFactory$DisableAutoConfigurationContextCustomizer@2190c4a7, org.springframework.boot.test.autoconfigure.actuate.metrics.MetricsExportContextCustomizerFactory$DisableMetricExportContextCustomizer@6b474074, org.springframework.boot.test.autoconfigure.filter.TypeExcludeFiltersContextCustomizer@351584c0, org.springframework.boot.test.autoconfigure.properties.PropertyMappingContextCustomizer@a3aa7c6b, org.springframework.boot.test.autoconfigure.web.servlet.WebDriverContextCustomizerFactory$Customizer@e4d2696, org.springframework.boot.test.context.SpringBootTestArgs@1, org.springframework.boot.test.context.SpringBootTestWebEnvironment@0], contextLoader = 'org.springframework.boot.test.context.SpringBootContextLoader', parent = [null]], attributes = map['org.springframework.test.context.event.ApplicationEventsTestExecutionListener.recordApplicationEvents' -> false]]
]]></system-out>
  </testcase>
  <testcase name="상품 목록 페이지 조회 테스트(검색어 O , 카테고리 O)" classname="com.nhnacademy.shoppingmall.repository.ProductRepositoryTest" time="0.017">
    <system-out><![CDATA[2024-03-07 20:23:35.260  INFO 66309 --- [           main] o.s.t.c.transaction.TransactionContext   : Began transaction (1) for test context [DefaultTestContext@6de90db3 testClass = ProductRepositoryTest, testInstance = com.nhnacademy.shoppingmall.repository.ProductRepositoryTest@303284d, testMethod = findProductPageWithKeywordAndCategory@ProductRepositoryTest, testException = [null], mergedContextConfiguration = [MergedContextConfiguration@6cb537ea testClass = ProductRepositoryTest, locations = '{}', classes = '{class com.nhnacademy.shoppingmall.ShoppingmallApplication}', contextInitializerClasses = '[]', activeProfiles = '{}', propertySourceLocations = '{}', propertySourceProperties = '{org.springframework.boot.test.autoconfigure.orm.jpa.DataJpaTestContextBootstrapper=true}', contextCustomizers = set[[ImportsContextCustomizer@66c51744 key = [org.springframework.boot.autoconfigure.transaction.TransactionAutoConfiguration, org.springframework.boot.autoconfigure.data.jpa.JpaRepositoriesAutoConfiguration, org.springframework.boot.autoconfigure.jdbc.DataSourceAutoConfiguration, org.springframework.boot.test.autoconfigure.orm.jpa.TestEntityManagerAutoConfiguration, org.springframework.boot.autoconfigure.cache.CacheAutoConfiguration, org.springframework.boot.autoconfigure.orm.jpa.HibernateJpaAutoConfiguration, org.springframework.boot.autoconfigure.sql.init.SqlInitializationAutoConfiguration, org.springframework.boot.autoconfigure.jdbc.JdbcTemplateAutoConfiguration, org.springframework.boot.test.autoconfigure.jdbc.TestDatabaseAutoConfiguration, org.springframework.boot.autoconfigure.flyway.FlywayAutoConfiguration, org.springframework.boot.autoconfigure.jdbc.DataSourceTransactionManagerAutoConfiguration, org.springframework.boot.autoconfigure.liquibase.LiquibaseAutoConfiguration]], org.springframework.boot.test.context.filter.ExcludeFilterContextCustomizer@56303475, org.springframework.boot.test.json.DuplicateJsonObjectContextCustomizerFactory$DuplicateJsonObjectContextCustomizer@c81fd12, org.springframework.boot.test.mock.mockito.MockitoContextCustomizer@0, org.springframework.boot.test.autoconfigure.OverrideAutoConfigurationContextCustomizerFactory$DisableAutoConfigurationContextCustomizer@2190c4a7, org.springframework.boot.test.autoconfigure.actuate.metrics.MetricsExportContextCustomizerFactory$DisableMetricExportContextCustomizer@6b474074, org.springframework.boot.test.autoconfigure.filter.TypeExcludeFiltersContextCustomizer@351584c0, org.springframework.boot.test.autoconfigure.properties.PropertyMappingContextCustomizer@a3aa7c6b, org.springframework.boot.test.autoconfigure.web.servlet.WebDriverContextCustomizerFactory$Customizer@e4d2696, org.springframework.boot.test.context.SpringBootTestArgs@1, org.springframework.boot.test.context.SpringBootTestWebEnvironment@0], contextLoader = 'org.springframework.boot.test.context.SpringBootContextLoader', parent = [null]], attributes = map['org.springframework.test.context.event.ApplicationEventsTestExecutionListener.recordApplicationEvents' -> false]]; transaction manager [org.springframework.orm.jpa.JpaTransactionManager@4be9b820]; rollback [true]
Hibernate: 
    /* insert com.nhnacademy.shoppingmall.enitiy.Product
        */ insert 
        into
            `
            product` (
                `created_at`, `deleted_yn`, `description`, `model_name`, `model_number`, `quantity`, `thumbnail`, `unit_cost`
            ) 
        values
            (?, ?, ?, ?, ?, ?, ?, ?)
Hibernate: 
    /* insert com.nhnacademy.shoppingmall.enitiy.Category
        */ insert 
        into
            `
            category` (
                `name`
            ) 
        values
            (?)
Hibernate: 
    /* insert com.nhnacademy.shoppingmall.enitiy.ProductCategory
        */ insert 
        into
            `
            product_category` (
                `category_id`, `product_id`
            ) 
        values
            (?, ?)
Hibernate: 
    /* select
        product.id,
        product.modelNumber,
        product.modelName,
        product.unitCost,
        product.thumbnail,
        product.quantity,
        product.createdAt 
    from
        Product product   
    inner join
        ProductCategory productCategory with product.id = productCategory.productId 
    where
        productCategory.categoryId = ?1 
        and product.modelName like ?2 escape '!' */ select
            product0_.`id` as col_0_0_,
            product0_.`model_number` as col_1_0_,
            product0_.`model_name` as col_2_0_,
            product0_.`unit_cost` as col_3_0_,
            product0_.`thumbnail` as col_4_0_,
            product0_.`quantity` as col_5_0_,
            product0_.`created_at` as col_6_0_ 
        from
            `product` product0_ 
        inner join
            `product_category` productcat1_ 
                on (
                    product0_.`id`=productcat1_.`product_id`
                ) 
        where
            productcat1_.`category_id`=? 
            and (
                product0_.`model_name` like ? escape '!'
            ) limit ?
2024-03-07 20:23:35.276  INFO 66309 --- [           main] o.s.t.c.transaction.TransactionContext   : Rolled back transaction for test: [DefaultTestContext@6de90db3 testClass = ProductRepositoryTest, testInstance = com.nhnacademy.shoppingmall.repository.ProductRepositoryTest@303284d, testMethod = findProductPageWithKeywordAndCategory@ProductRepositoryTest, testException = [null], mergedContextConfiguration = [MergedContextConfiguration@6cb537ea testClass = ProductRepositoryTest, locations = '{}', classes = '{class com.nhnacademy.shoppingmall.ShoppingmallApplication}', contextInitializerClasses = '[]', activeProfiles = '{}', propertySourceLocations = '{}', propertySourceProperties = '{org.springframework.boot.test.autoconfigure.orm.jpa.DataJpaTestContextBootstrapper=true}', contextCustomizers = set[[ImportsContextCustomizer@66c51744 key = [org.springframework.boot.autoconfigure.transaction.TransactionAutoConfiguration, org.springframework.boot.autoconfigure.data.jpa.JpaRepositoriesAutoConfiguration, org.springframework.boot.autoconfigure.jdbc.DataSourceAutoConfiguration, org.springframework.boot.test.autoconfigure.orm.jpa.TestEntityManagerAutoConfiguration, org.springframework.boot.autoconfigure.cache.CacheAutoConfiguration, org.springframework.boot.autoconfigure.orm.jpa.HibernateJpaAutoConfiguration, org.springframework.boot.autoconfigure.sql.init.SqlInitializationAutoConfiguration, org.springframework.boot.autoconfigure.jdbc.JdbcTemplateAutoConfiguration, org.springframework.boot.test.autoconfigure.jdbc.TestDatabaseAutoConfiguration, org.springframework.boot.autoconfigure.flyway.FlywayAutoConfiguration, org.springframework.boot.autoconfigure.jdbc.DataSourceTransactionManagerAutoConfiguration, org.springframework.boot.autoconfigure.liquibase.LiquibaseAutoConfiguration]], org.springframework.boot.test.context.filter.ExcludeFilterContextCustomizer@56303475, org.springframework.boot.test.json.DuplicateJsonObjectContextCustomizerFactory$DuplicateJsonObjectContextCustomizer@c81fd12, org.springframework.boot.test.mock.mockito.MockitoContextCustomizer@0, org.springframework.boot.test.autoconfigure.OverrideAutoConfigurationContextCustomizerFactory$DisableAutoConfigurationContextCustomizer@2190c4a7, org.springframework.boot.test.autoconfigure.actuate.metrics.MetricsExportContextCustomizerFactory$DisableMetricExportContextCustomizer@6b474074, org.springframework.boot.test.autoconfigure.filter.TypeExcludeFiltersContextCustomizer@351584c0, org.springframework.boot.test.autoconfigure.properties.PropertyMappingContextCustomizer@a3aa7c6b, org.springframework.boot.test.autoconfigure.web.servlet.WebDriverContextCustomizerFactory$Customizer@e4d2696, org.springframework.boot.test.context.SpringBootTestArgs@1, org.springframework.boot.test.context.SpringBootTestWebEnvironment@0], contextLoader = 'org.springframework.boot.test.context.SpringBootContextLoader', parent = [null]], attributes = map['org.springframework.test.context.event.ApplicationEventsTestExecutionListener.recordApplicationEvents' -> false]]
]]></system-out>
  </testcase>
  <testcase name="상품 목록 페이지 조회 테스트(검색어(없는 modelName) O , 카테고리 X)" classname="com.nhnacademy.shoppingmall.repository.ProductRepositoryTest" time="0.013">
    <system-out><![CDATA[2024-03-07 20:23:35.279  INFO 66309 --- [           main] o.s.t.c.transaction.TransactionContext   : Began transaction (1) for test context [DefaultTestContext@6de90db3 testClass = ProductRepositoryTest, testInstance = com.nhnacademy.shoppingmall.repository.ProductRepositoryTest@1a363c85, testMethod = findProductPageWithKeywordFailed@ProductRepositoryTest, testException = [null], mergedContextConfiguration = [MergedContextConfiguration@6cb537ea testClass = ProductRepositoryTest, locations = '{}', classes = '{class com.nhnacademy.shoppingmall.ShoppingmallApplication}', contextInitializerClasses = '[]', activeProfiles = '{}', propertySourceLocations = '{}', propertySourceProperties = '{org.springframework.boot.test.autoconfigure.orm.jpa.DataJpaTestContextBootstrapper=true}', contextCustomizers = set[[ImportsContextCustomizer@66c51744 key = [org.springframework.boot.autoconfigure.transaction.TransactionAutoConfiguration, org.springframework.boot.autoconfigure.data.jpa.JpaRepositoriesAutoConfiguration, org.springframework.boot.autoconfigure.jdbc.DataSourceAutoConfiguration, org.springframework.boot.test.autoconfigure.orm.jpa.TestEntityManagerAutoConfiguration, org.springframework.boot.autoconfigure.cache.CacheAutoConfiguration, org.springframework.boot.autoconfigure.orm.jpa.HibernateJpaAutoConfiguration, org.springframework.boot.autoconfigure.sql.init.SqlInitializationAutoConfiguration, org.springframework.boot.autoconfigure.jdbc.JdbcTemplateAutoConfiguration, org.springframework.boot.test.autoconfigure.jdbc.TestDatabaseAutoConfiguration, org.springframework.boot.autoconfigure.flyway.FlywayAutoConfiguration, org.springframework.boot.autoconfigure.jdbc.DataSourceTransactionManagerAutoConfiguration, org.springframework.boot.autoconfigure.liquibase.LiquibaseAutoConfiguration]], org.springframework.boot.test.context.filter.ExcludeFilterContextCustomizer@56303475, org.springframework.boot.test.json.DuplicateJsonObjectContextCustomizerFactory$DuplicateJsonObjectContextCustomizer@c81fd12, org.springframework.boot.test.mock.mockito.MockitoContextCustomizer@0, org.springframework.boot.test.autoconfigure.OverrideAutoConfigurationContextCustomizerFactory$DisableAutoConfigurationContextCustomizer@2190c4a7, org.springframework.boot.test.autoconfigure.actuate.metrics.MetricsExportContextCustomizerFactory$DisableMetricExportContextCustomizer@6b474074, org.springframework.boot.test.autoconfigure.filter.TypeExcludeFiltersContextCustomizer@351584c0, org.springframework.boot.test.autoconfigure.properties.PropertyMappingContextCustomizer@a3aa7c6b, org.springframework.boot.test.autoconfigure.web.servlet.WebDriverContextCustomizerFactory$Customizer@e4d2696, org.springframework.boot.test.context.SpringBootTestArgs@1, org.springframework.boot.test.context.SpringBootTestWebEnvironment@0], contextLoader = 'org.springframework.boot.test.context.SpringBootContextLoader', parent = [null]], attributes = map['org.springframework.test.context.event.ApplicationEventsTestExecutionListener.recordApplicationEvents' -> false]]; transaction manager [org.springframework.orm.jpa.JpaTransactionManager@4be9b820]; rollback [true]
Hibernate: 
    /* insert com.nhnacademy.shoppingmall.enitiy.Product
        */ insert 
        into
            `
            product` (
                `created_at`, `deleted_yn`, `description`, `model_name`, `model_number`, `quantity`, `thumbnail`, `unit_cost`
            ) 
        values
            (?, ?, ?, ?, ?, ?, ?, ?)
Hibernate: 
    /* insert com.nhnacademy.shoppingmall.enitiy.Category
        */ insert 
        into
            `
            category` (
                `name`
            ) 
        values
            (?)
Hibernate: 
    /* insert com.nhnacademy.shoppingmall.enitiy.ProductCategory
        */ insert 
        into
            `
            product_category` (
                `category_id`, `product_id`
            ) 
        values
            (?, ?)
Hibernate: 
    /* select
        product.id,
        product.modelNumber,
        product.modelName,
        product.unitCost,
        product.thumbnail,
        product.quantity,
        product.createdAt 
    from
        Product product   
    inner join
        ProductCategory productCategory with product.id = productCategory.productId 
    where
        product.modelName like ?1 escape '!' */ select
            product0_.`id` as col_0_0_,
            product0_.`model_number` as col_1_0_,
            product0_.`model_name` as col_2_0_,
            product0_.`unit_cost` as col_3_0_,
            product0_.`thumbnail` as col_4_0_,
            product0_.`quantity` as col_5_0_,
            product0_.`created_at` as col_6_0_ 
        from
            `product` product0_ 
        inner join
            `product_category` productcat1_ 
                on (
                    product0_.`id`=productcat1_.`product_id`
                ) 
        where
            product0_.`model_name` like ? escape '!' limit ?
2024-03-07 20:23:35.288  INFO 66309 --- [           main] o.s.t.c.transaction.TransactionContext   : Rolled back transaction for test: [DefaultTestContext@6de90db3 testClass = ProductRepositoryTest, testInstance = com.nhnacademy.shoppingmall.repository.ProductRepositoryTest@1a363c85, testMethod = findProductPageWithKeywordFailed@ProductRepositoryTest, testException = [null], mergedContextConfiguration = [MergedContextConfiguration@6cb537ea testClass = ProductRepositoryTest, locations = '{}', classes = '{class com.nhnacademy.shoppingmall.ShoppingmallApplication}', contextInitializerClasses = '[]', activeProfiles = '{}', propertySourceLocations = '{}', propertySourceProperties = '{org.springframework.boot.test.autoconfigure.orm.jpa.DataJpaTestContextBootstrapper=true}', contextCustomizers = set[[ImportsContextCustomizer@66c51744 key = [org.springframework.boot.autoconfigure.transaction.TransactionAutoConfiguration, org.springframework.boot.autoconfigure.data.jpa.JpaRepositoriesAutoConfiguration, org.springframework.boot.autoconfigure.jdbc.DataSourceAutoConfiguration, org.springframework.boot.test.autoconfigure.orm.jpa.TestEntityManagerAutoConfiguration, org.springframework.boot.autoconfigure.cache.CacheAutoConfiguration, org.springframework.boot.autoconfigure.orm.jpa.HibernateJpaAutoConfiguration, org.springframework.boot.autoconfigure.sql.init.SqlInitializationAutoConfiguration, org.springframework.boot.autoconfigure.jdbc.JdbcTemplateAutoConfiguration, org.springframework.boot.test.autoconfigure.jdbc.TestDatabaseAutoConfiguration, org.springframework.boot.autoconfigure.flyway.FlywayAutoConfiguration, org.springframework.boot.autoconfigure.jdbc.DataSourceTransactionManagerAutoConfiguration, org.springframework.boot.autoconfigure.liquibase.LiquibaseAutoConfiguration]], org.springframework.boot.test.context.filter.ExcludeFilterContextCustomizer@56303475, org.springframework.boot.test.json.DuplicateJsonObjectContextCustomizerFactory$DuplicateJsonObjectContextCustomizer@c81fd12, org.springframework.boot.test.mock.mockito.MockitoContextCustomizer@0, org.springframework.boot.test.autoconfigure.OverrideAutoConfigurationContextCustomizerFactory$DisableAutoConfigurationContextCustomizer@2190c4a7, org.springframework.boot.test.autoconfigure.actuate.metrics.MetricsExportContextCustomizerFactory$DisableMetricExportContextCustomizer@6b474074, org.springframework.boot.test.autoconfigure.filter.TypeExcludeFiltersContextCustomizer@351584c0, org.springframework.boot.test.autoconfigure.properties.PropertyMappingContextCustomizer@a3aa7c6b, org.springframework.boot.test.autoconfigure.web.servlet.WebDriverContextCustomizerFactory$Customizer@e4d2696, org.springframework.boot.test.context.SpringBootTestArgs@1, org.springframework.boot.test.context.SpringBootTestWebEnvironment@0], contextLoader = 'org.springframework.boot.test.context.SpringBootContextLoader', parent = [null]], attributes = map['org.springframework.test.context.event.ApplicationEventsTestExecutionListener.recordApplicationEvents' -> false]]
]]></system-out>
  </testcase>
</testsuite>